d:\uni_projects\cursovik_data_structures\saleofairtickets\saleofairtickets\x64\debug\vc143.pdb
d:\uni_projects\cursovik_data_structures\saleofairtickets\saleofairtickets\x64\debug\vc143.idb
d:\uni_projects\cursovik_data_structures\saleofairtickets\saleofairtickets\x64\debug\hashtable.obj
d:\uni_projects\cursovik_data_structures\saleofairtickets\saleofairtickets\x64\debug\saleofairtickets.obj
d:\uni_projects\cursovik_data_structures\saleofairtickets\saleofairtickets\x64\debug\getinput.obj
d:\uni_projects\cursovik_data_structures\saleofairtickets\saleofairtickets\x64\debug\checkinput.obj
d:\uni_projects\cursovik_data_structures\saleofairtickets\x64\debug\saleofairtickets.exe
d:\uni_projects\cursovik_data_structures\saleofairtickets\saleofairtickets\x64\debug\saleofairtickets.ilk
d:\uni_projects\cursovik_data_structures\saleofairtickets\x64\debug\saleofairtickets.pdb
d:\uni_projects\cursovik_data_structures\saleofairtickets\saleofairtickets\x64\debug\saleofairtickets.tlog\cl.command.1.tlog
d:\uni_projects\cursovik_data_structures\saleofairtickets\saleofairtickets\x64\debug\saleofairtickets.tlog\cl.read.1.tlog
d:\uni_projects\cursovik_data_structures\saleofairtickets\saleofairtickets\x64\debug\saleofairtickets.tlog\cl.write.1.tlog
d:\uni_projects\cursovik_data_structures\saleofairtickets\saleofairtickets\x64\debug\saleofairtickets.tlog\link-cvtres.read.1.tlog
d:\uni_projects\cursovik_data_structures\saleofairtickets\saleofairtickets\x64\debug\saleofairtickets.tlog\link-cvtres.write.1.tlog
d:\uni_projects\cursovik_data_structures\saleofairtickets\saleofairtickets\x64\debug\saleofairtickets.tlog\link-rc.read.1.tlog
d:\uni_projects\cursovik_data_structures\saleofairtickets\saleofairtickets\x64\debug\saleofairtickets.tlog\link-rc.write.1.tlog
d:\uni_projects\cursovik_data_structures\saleofairtickets\saleofairtickets\x64\debug\saleofairtickets.tlog\link.22548-cvtres.read.1.tlog
d:\uni_projects\cursovik_data_structures\saleofairtickets\saleofairtickets\x64\debug\saleofairtickets.tlog\link.22548-cvtres.write.1.tlog
d:\uni_projects\cursovik_data_structures\saleofairtickets\saleofairtickets\x64\debug\saleofairtickets.tlog\link.22548-rc.read.1.tlog
d:\uni_projects\cursovik_data_structures\saleofairtickets\saleofairtickets\x64\debug\saleofairtickets.tlog\link.22548-rc.write.1.tlog
d:\uni_projects\cursovik_data_structures\saleofairtickets\saleofairtickets\x64\debug\saleofairtickets.tlog\link.22548.read.1.tlog
d:\uni_projects\cursovik_data_structures\saleofairtickets\saleofairtickets\x64\debug\saleofairtickets.tlog\link.22548.read.2.tlog
d:\uni_projects\cursovik_data_structures\saleofairtickets\saleofairtickets\x64\debug\saleofairtickets.tlog\link.22548.write.1.tlog
d:\uni_projects\cursovik_data_structures\saleofairtickets\saleofairtickets\x64\debug\saleofairtickets.tlog\link.command.1.tlog
d:\uni_projects\cursovik_data_structures\saleofairtickets\saleofairtickets\x64\debug\saleofairtickets.tlog\link.read.1.tlog
d:\uni_projects\cursovik_data_structures\saleofairtickets\saleofairtickets\x64\debug\saleofairtickets.tlog\link.read.2.tlog
d:\uni_projects\cursovik_data_structures\saleofairtickets\saleofairtickets\x64\debug\saleofairtickets.tlog\link.write.1.tlog
